# JRE version: Java(TM) SE Runtime Environment (8.0_201-b09) (build 1.8.0_201-b09)
# Java VM: Java HotSpot(TM) 64-Bit Server VM (25.201-b09 mixed mode windows-amd64 compressed oops)
Heap:
 PSYoungGen      total 48640K, used 9223K [0x00000000d7380000, 0x00000000db480000, 0x0000000100000000)
  eden space 36864K, 25% used [0x00000000d7380000,0x00000000d7c81e00,0x00000000d9780000)
  from space 11776K, 0% used [0x00000000da300000,0x00000000da300000,0x00000000dae80000)
  to   space 11776K, 0% used [0x00000000d9780000,0x00000000d9780000,0x00000000da300000)
 ParOldGen       total 66560K, used 12111K [0x0000000085a00000, 0x0000000089b00000, 0x00000000d7380000)
  object space 66560K, 18% used [0x0000000085a00000,0x00000000865d3c08,0x0000000089b00000)
 Metaspace       used 34893K, capacity 37074K, committed 37336K, reserved 1085440K
  class space    used 4561K, capacity 4721K, committed 4736K, reserved 1048576K
GC Heap History (10 events):
Event: 3.884 GC heap before
{Heap before GC invocations=6 (full 1):
 PSYoungGen      total 36864K, used 5094K [0x00000000d7380000, 0x00000000d9c80000, 0x0000000100000000)
  eden space 31744K, 0% used [0x00000000d7380000,0x00000000d7380000,0x00000000d9280000)
  from space 5120K, 99% used [0x00000000d9280000,0x00000000d97798f0,0x00000000d9780000)
  to   space 5120K, 0% used [0x00000000d9780000,0x00000000d9780000,0x00000000d9c80000)
 ParOldGen       total 84992K, used 13194K [0x0000000085a00000, 0x000000008ad00000, 0x00000000d7380000)
  object space 84992K, 15% used [0x0000000085a00000,0x00000000866e2bc8,0x000000008ad00000)
 Metaspace       used 20165K, capacity 21182K, committed 21248K, reserved 1067008K
  class space    used 2702K, capacity 2789K, committed 2816K, reserved 1048576K
Event: 3.929 GC heap after
Heap after GC invocations=6 (full 1):
 PSYoungGen      total 36864K, used 0K [0x00000000d7380000, 0x00000000d9c80000, 0x0000000100000000)
  eden space 31744K, 0% used [0x00000000d7380000,0x00000000d7380000,0x00000000d9280000)
  from space 5120K, 0% used [0x00000000d9280000,0x00000000d9280000,0x00000000d9780000)
  to   space 5120K, 0% used [0x00000000d9780000,0x00000000d9780000,0x00000000d9c80000)
 ParOldGen       total 66560K, used 13564K [0x0000000085a00000, 0x0000000089b00000, 0x00000000d7380000)
  object space 66560K, 20% used [0x0000000085a00000,0x000000008673f2c8,0x0000000089b00000)
 Metaspace       used 20165K, capacity 21182K, committed 21248K, reserved 1067008K
  class space    used 2702K, capacity 2789K, committed 2816K, reserved 1048576K
}
Event: 5.607 GC heap before
{Heap before GC invocations=7 (full 1):
 PSYoungGen      total 36864K, used 31744K [0x00000000d7380000, 0x00000000d9c80000, 0x0000000100000000)
  eden space 31744K, 100% used [0x00000000d7380000,0x00000000d9280000,0x00000000d9280000)
  from space 5120K, 0% used [0x00000000d9280000,0x00000000d9280000,0x00000000d9780000)
  to   space 5120K, 0% used [0x00000000d9780000,0x00000000d9780000,0x00000000d9c80000)
 ParOldGen       total 66560K, used 13564K [0x0000000085a00000, 0x0000000089b00000, 0x00000000d7380000)
  object space 66560K, 20% used [0x0000000085a00000,0x000000008673f2c8,0x0000000089b00000)
 Metaspace       used 26008K, capacity 27544K, committed 27648K, reserved 1073152K
  class space    used 3381K, capacity 3520K, committed 3584K, reserved 1048576K
Event: 5.615 GC heap after
Heap after GC invocations=7 (full 1):
 PSYoungGen      total 30208K, used 5107K [0x00000000d7380000, 0x00000000db980000, 0x0000000100000000)
  eden space 25088K, 0% used [0x00000000d7380000,0x00000000d7380000,0x00000000d8c00000)
  from space 5120K, 99% used [0x00000000d9780000,0x00000000d9c7cfa8,0x00000000d9c80000)
  to   space 11776K, 0% used [0x00000000d8c00000,0x00000000d8c00000,0x00000000d9780000)
 ParOldGen       total 66560K, used 13744K [0x0000000085a00000, 0x0000000089b00000, 0x00000000d7380000)
  object space 66560K, 20% used [0x0000000085a00000,0x000000008676c370,0x0000000089b00000)
 Metaspace       used 26008K, capacity 27544K, committed 27648K, reserved 1073152K
  class space    used 3381K, capacity 3520K, committed 3584K, reserved 1048576K
}
Event: 6.390 GC heap before
{Heap before GC invocations=8 (full 1):
 PSYoungGen      total 30208K, used 30195K [0x00000000d7380000, 0x00000000db980000, 0x0000000100000000)
  eden space 25088K, 100% used [0x00000000d7380000,0x00000000d8c00000,0x00000000d8c00000)
  from space 5120K, 99% used [0x00000000d9780000,0x00000000d9c7cfa8,0x00000000d9c80000)
  to   space 11776K, 0% used [0x00000000d8c00000,0x00000000d8c00000,0x00000000d9780000)
 ParOldGen       total 66560K, used 13744K [0x0000000085a00000, 0x0000000089b00000, 0x00000000d7380000)
  object space 66560K, 20% used [0x0000000085a00000,0x000000008676c370,0x0000000089b00000)
 Metaspace       used 32667K, capacity 34830K, committed 34944K, reserved 1079296K
  class space    used 4314K, capacity 4475K, committed 4480K, reserved 1048576K
Event: 6.395 GC heap after
Heap after GC invocations=8 (full 1):
 PSYoungGen      total 36864K, used 6055K [0x00000000d7380000, 0x00000000dae80000, 0x0000000100000000)
  eden space 25088K, 0% used [0x00000000d7380000,0x00000000d7380000,0x00000000d8c00000)
  from space 11776K, 51% used [0x00000000d8c00000,0x00000000d91e9ef0,0x00000000d9780000)
  to   space 11776K, 0% used [0x00000000da300000,0x00000000da300000,0x00000000dae80000)
 ParOldGen       total 66560K, used 13752K [0x0000000085a00000, 0x0000000089b00000, 0x00000000d7380000)
  object space 66560K, 20% used [0x0000000085a00000,0x000000008676e370,0x0000000089b00000)
 Metaspace       used 32667K, capacity 34830K, committed 34944K, reserved 1079296K
  class space    used 4314K, capacity 4475K, committed 4480K, reserved 1048576K
}
Event: 6.428 GC heap before
{Heap before GC invocations=9 (full 1):
 PSYoungGen      total 36864K, used 7387K [0x00000000d7380000, 0x00000000dae80000, 0x0000000100000000)
  eden space 25088K, 5% used [0x00000000d7380000,0x00000000d74ccee0,0x00000000d8c00000)
  from space 11776K, 51% used [0x00000000d8c00000,0x00000000d91e9ef0,0x00000000d9780000)
  to   space 11776K, 0% used [0x00000000da300000,0x00000000da300000,0x00000000dae80000)
 ParOldGen       total 66560K, used 13752K [0x0000000085a00000, 0x0000000089b00000, 0x00000000d7380000)
  object space 66560K, 20% used [0x0000000085a00000,0x000000008676e370,0x0000000089b00000)
 Metaspace       used 33124K, capacity 35278K, committed 35416K, reserved 1081344K
  class space    used 4382K, capacity 4539K, committed 4608K, reserved 1048576K
Event: 6.431 GC heap after
Heap after GC invocations=9 (full 1):
 PSYoungGen      total 48640K, used 2610K [0x00000000d7380000, 0x00000000db480000, 0x0000000100000000)
  eden space 36864K, 0% used [0x00000000d7380000,0x00000000d7380000,0x00000000d9780000)
  from space 11776K, 22% used [0x00000000da300000,0x00000000da58caf0,0x00000000dae80000)
  to   space 11776K, 0% used [0x00000000d9780000,0x00000000d9780000,0x00000000da300000)
 ParOldGen       total 66560K, used 13760K [0x0000000085a00000, 0x0000000089b00000, 0x00000000d7380000)
  object space 66560K, 20% used [0x0000000085a00000,0x0000000086770370,0x0000000089b00000)
 Metaspace       used 33124K, capacity 35278K, committed 35416K, reserved 1081344K
  class space    used 4382K, capacity 4539K, committed 4608K, reserved 1048576K
}
Event: 6.431 GC heap before
{Heap before GC invocations=10 (full 2):
 PSYoungGen      total 48640K, used 2610K [0x00000000d7380000, 0x00000000db480000, 0x0000000100000000)
  eden space 36864K, 0% used [0x00000000d7380000,0x00000000d7380000,0x00000000d9780000)
  from space 11776K, 22% used [0x00000000da300000,0x00000000da58caf0,0x00000000dae80000)
  to   space 11776K, 0% used [0x00000000d9780000,0x00000000d9780000,0x00000000da300000)
 ParOldGen       total 66560K, used 13760K [0x0000000085a00000, 0x0000000089b00000, 0x00000000d7380000)
  object space 66560K, 20% used [0x0000000085a00000,0x0000000086770370,0x0000000089b00000)
 Metaspace       used 33124K, capacity 35278K, committed 35416K, reserved 1081344K
  class space    used 4382K, capacity 4539K, committed 4608K, reserved 1048576K
Event: 6.489 GC heap after
Heap after GC invocations=10 (full 2):
 PSYoungGen      total 48640K, used 0K [0x00000000d7380000, 0x00000000db480000, 0x0000000100000000)
  eden space 36864K, 0% used [0x00000000d7380000,0x00000000d7380000,0x00000000d9780000)
  from space 11776K, 0% used [0x00000000da300000,0x00000000da300000,0x00000000dae80000)
  to   space 11776K, 0% used [0x00000000d9780000,0x00000000d9780000,0x00000000da300000)
 ParOldGen       total 66560K, used 12111K [0x0000000085a00000, 0x0000000089b00000, 0x00000000d7380000)
  object space 66560K, 18% used [0x0000000085a00000,0x00000000865d3c08,0x0000000089b00000)
 Metaspace       used 33100K, capacity 35218K, committed 35416K, reserved 1081344K
  class space    used 4374K, capacity 4529K, committed 4608K, reserved 1048576K
}

